Send POST https://api.jpush.cn/v3/push, body:{"platform":"all","audience":{"tag":["AvgGv"]},"notification":{"alert":"\u7b2c\u4e09\u65b9\u7684\u53cc\u4e30\u6536"},"options":{"sendno":1905190874,"time_to_live":6000,"apns_production":true}}, times:1
Send POST https://api.jpush.cn/v3/push, body:{"platform":"all","audience":{"tag":["AvgGv"]},"notification":{"alert":"\u7b2c\u4e09\u65b9\u7684\u53cc\u4e30\u6536"},"options":{"sendno":1760224500,"time_to_live":6000,"apns_production":true}}, times:1
Send POST https://api.jpush.cn/v3/push, body:{"platform":"all","audience":{"tag":["AvgGv"]},"notification":{"alert":"\u7b2c\u4e09\u65b9\u7684\u53cc\u4e30\u6536"},"options":{"sendno":1154991387,"time_to_live":6000,"apns_production":true}}, times:1
Send POST https://api.jpush.cn/v3/push, body:{"platform":"all","audience":{"tag":["AvgGv"]},"notification":{"alert":"\u7b2c\u4e09\u65b9\u7684\u53cc\u4e30\u6536"},"options":{"sendno":66070255,"time_to_live":6000,"apns_production":true}}, times:1
Send POST https://api.jpush.cn/v3/push, body:{"platform":"all","audience":{"tag":["AvgGv"]},"notification":{"alert":"\u7b2c\u4e09\u65b9\u7684\u53cc\u4e30\u6536"},"options":{"sendno":390518462,"time_to_live":6000,"apns_production":true}}, times:1
Send POST https://api.jpush.cn/v3/push, body:{"platform":"all","audience":{"tag":["AvgGv"]},"notification":{"alert":"\u7b2c\u4e09\u65b9\u7684\u53cc\u4e30\u6536"},"options":{"sendno":713948348,"time_to_live":6000,"apns_production":true}}, times:1
Send POST https://api.jpush.cn/v3/push, body:{"platform":"all","audience":{"tag":["AvgGv"]},"notification":{"alert":"\u7b2c\u4e09\u65b9\u7684\u53cc\u4e30\u6536"},"options":{"sendno":60006141,"time_to_live":6000,"apns_production":true}}, times:1
Send POST https://api.jpush.cn/v3/push, body:{"platform":"all","audience":{"tag":["AvgGv"]},"notification":{"alert":"\u7b2c\u4e09\u65b9\u7684\u53cc\u4e30\u6536"},"options":{"sendno":250770108,"time_to_live":6000,"apns_production":true}}, times:1
Send POST https://api.jpush.cn/v3/push, body:{"platform":"all","audience":{"tag":["AvgGv"]},"notification":{"alert":"\u7b2c\u4e09\u65b9\u7684\u53cc\u4e30\u6536"},"options":{"sendno":1695080142,"time_to_live":6000,"apns_production":true}}, times:1
Send POST https://api.jpush.cn/v3/push, body:{"platform":"all","audience":{"tag":["AvgGv"]},"notification":{"alert":"\u7b2c\u4e09\u65b9\u7684\u53cc\u4e30\u6536"},"options":{"sendno":936289030,"time_to_live":6000,"apns_production":true}}, times:1
Send POST https://api.jpush.cn/v3/push, body:{"platform":"all","audience":{"tag":["AvgGv"]},"notification":{"alert":"\u7b2c\u4e09\u65b9\u7684\u53cc\u4e30\u6536"},"options":{"sendno":911948153,"time_to_live":6000,"apns_production":true}}, times:1
Send POST https://api.jpush.cn/v3/push, body:{"platform":"all","audience":{"tag":["AvgGv"]},"notification":{"alert":"\u7b2c\u4e09\u65b9\u7684\u53cc\u4e30\u6536"},"options":{"sendno":1973846095,"time_to_live":6000,"apns_production":true}}, times:1
Send POST https://api.jpush.cn/v3/push, body:{"platform":"all","audience":{"tag":["AvgGv"]},"notification":{"alert":"\u7b2c\u4e09\u65b9\u7684\u53cc\u4e30\u6536"},"options":{"sendno":1581151314,"time_to_live":6000,"apns_production":true}}, times:1
Send POST https://api.jpush.cn/v3/push, body:{"platform":"all","audience":{"tag":["AvgGv"]},"notification":{"alert":"\u7b2c\u4e09\u65b9\u7684\u53cc\u4e30\u6536"},"options":{"sendno":1170808577,"time_to_live":6000,"apns_production":true}}, times:1
Send POST https://api.jpush.cn/v3/push, body:{"platform":"all","audience":{"tag":["AvgGv"]},"notification":{"alert":"\u7b2c\u4e09\u65b9\u7684\u53cc\u4e30\u6536"},"options":{"sendno":1814826352,"time_to_live":6000,"apns_production":true}}, times:1
Send POST https://api.jpush.cn/v3/push, body:{"platform":"all","audience":{"tag":["AvgGv"]},"notification":{"alert":"\u7b2c\u4e09\u65b9\u7684\u53cc\u4e30\u6536"},"options":{"sendno":1367938495,"time_to_live":6000,"apns_production":true}}, times:1
Send POST https://api.jpush.cn/v3/push, body:{"platform":"all","audience":{"tag":["AvgGv"]},"notification":{"alert":"\u7b2c\u4e09\u65b9\u7684\u53cc\u4e30\u6536"},"options":{"sendno":1565202379,"time_to_live":6000,"apns_production":true}}, times:1
Send POST https://api.jpush.cn/v3/push, body:{"platform":"all","audience":{"tag":["AvgGv"]},"notification":{"alert":"\u7b2c\u4e09\u65b9\u7684\u53cc\u4e30\u6536"},"options":{"sendno":1822003893,"time_to_live":6000,"apns_production":true}}, times:1
Send POST https://api.jpush.cn/v3/push, body:{"platform":"all","audience":{"tag":["AvgGv"]},"notification":{"alert":"\u7b2c\u4e09\u65b9\u7684\u53cc\u4e30\u6536"},"options":{"sendno":84813649,"time_to_live":6000,"apns_production":true}}, times:1
Send POST https://api.jpush.cn/v3/push, body:{"platform":"all","audience":{"tag":["AvgGv"]},"notification":{"alert":"\u7b2c\u4e09\u65b9\u7684\u53cc\u4e30\u6536"},"options":{"sendno":133624182,"time_to_live":6000,"apns_production":true}}, times:1
Send POST https://api.jpush.cn/v3/push, body:{"platform":"all","audience":{"tag":["AvgGv"]},"notification":{"alert":"\u7b2c\u4e09\u65b9\u7684\u53cc\u4e30\u6536"},"options":{"sendno":1666268689,"time_to_live":6000,"apns_production":true}}, times:1
Send POST https://api.jpush.cn/v3/push, body:{"platform":"all","audience":{"tag":["AvgGv"]},"notification":{"alert":"\u7b2c\u4e09\u65b9\u7684\u53cc\u4e30\u6536"},"options":{"sendno":1070549737,"time_to_live":6000,"apns_production":true}}, times:1
Send POST https://api.jpush.cn/v3/push, body:{"platform":"all","audience":{"tag":["AvgGv"]},"notification":{"alert":"\u7b2c\u4e09\u65b9\u7684\u53cc\u4e30\u6536"},"options":{"sendno":1990701797,"time_to_live":6000,"apns_production":true}}, times:1
Send POST https://api.jpush.cn/v3/push, body:{"platform":"all","audience":{"tag":["AvgGv"]},"notification":{"alert":"\u7b2c\u4e09\u65b9\u7684\u53cc\u4e30\u6536"},"options":{"sendno":2128565743,"time_to_live":6000,"apns_production":true}}, times:1
Send POST https://api.jpush.cn/v3/push, body:{"platform":"all","audience":{"tag":["AvgGv"]},"notification":{"alert":"\u7b2c\u4e09\u65b9\u7684\u53cc\u4e30\u6536"},"options":{"sendno":1437441295,"time_to_live":6000,"apns_production":true}}, times:1
Send POST https://api.jpush.cn/v3/push, body:{"platform":"all","audience":{"tag":["AvgGv"]},"notification":{"alert":"\u7b2c\u4e09\u65b9\u7684\u53cc\u4e30\u6536"},"options":{"sendno":664470311,"time_to_live":6000,"apns_production":true}}, times:1
Send POST https://api.jpush.cn/v3/push, body:{"platform":"all","audience":{"tag":["AvgGv"]},"notification":{"alert":"\u7b2c\u4e09\u65b9\u7684\u53cc\u4e30\u6536"},"options":{"sendno":1659421198,"time_to_live":6000,"apns_production":true}}, times:1
Send POST https://api.jpush.cn/v3/push, body:{"platform":"all","audience":{"tag":["AvgGv"]},"notification":{"alert":"\u7b2c\u4e09\u65b9\u7684\u53cc\u4e30\u6536"},"options":{"sendno":398740821,"time_to_live":6000,"apns_production":true}}, times:1
Send POST https://api.jpush.cn/v3/push, body:{"platform":"all","audience":{"tag":["AvgGv"]},"notification":{"alert":"\u7b2c\u4e09\u65b9\u7684\u53cc\u4e30\u6536"},"options":{"sendno":1495352669,"time_to_live":6000,"apns_production":true}}, times:1
Send POST https://api.jpush.cn/v3/push, body:{"platform":"all","audience":{"tag":["AvgGv"]},"notification":{"alert":"\u7b2c\u4e09\u65b9\u7684\u53cc\u4e30\u6536"},"options":{"sendno":851785297,"time_to_live":6000,"apns_production":true}}, times:1
Send POST https://api.jpush.cn/v3/push, body:{"platform":"all","audience":{"tag":["AvgGv"]},"notification":{"alert":"\u7b2c\u4e09\u65b9\u7684\u53cc\u4e30\u6536"},"options":{"sendno":4830096,"time_to_live":6000,"apns_production":true}}, times:1
Send POST https://api.jpush.cn/v3/push, body:{"platform":"all","audience":{"tag":["AvgGv"]},"notification":{"alert":"\u7b2c\u4e09\u65b9\u7684\u53cc\u4e30\u6536"},"options":{"sendno":177178844,"time_to_live":6000,"apns_production":true}}, times:1
Send POST https://api.jpush.cn/v3/push, body:{"platform":"all","audience":{"tag":["AvgGv"]},"notification":{"alert":"\u7b2c\u4e09\u65b9\u7684\u53cc\u4e30\u6536"},"options":{"sendno":1861509639,"time_to_live":6000,"apns_production":true}}, times:1
Send POST https://api.jpush.cn/v3/push, body:{"platform":"all","audience":{"tag":["AvgGv"]},"notification":{"alert":"\u7b2c\u4e09\u65b9\u7684\u53cc\u4e30\u6536"},"options":{"sendno":1493895190,"time_to_live":6000,"apns_production":true}}, times:1
Send POST https://api.jpush.cn/v3/push, body:{"platform":"all","audience":{"tag":["AvgGv"]},"notification":{"alert":"\u7b2c\u4e09\u65b9\u7684\u53cc\u4e30\u6536"},"options":{"sendno":315240549,"time_to_live":6000,"apns_production":true}}, times:1
Send POST https://api.jpush.cn/v3/push, body:{"platform":"all","audience":{"tag":["AvgGv"]},"notification":{"alert":"\u7b2c\u4e09\u65b9\u7684\u53cc\u4e30\u6536"},"options":{"sendno":1329332301,"time_to_live":6000,"apns_production":true}}, times:1
Send POST https://api.jpush.cn/v3/push, body:{"platform":"all","audience":{"tag":["AvgGv"]},"notification":{"alert":"\u7b2c\u4e09\u65b9\u7684\u53cc\u4e30\u6536"},"options":{"sendno":1738747711,"time_to_live":6000,"apns_production":true}}, times:1
Send POST https://api.jpush.cn/v3/push, body:{"platform":"all","audience":{"tag":["AvgGv"]},"notification":{"alert":"\u7b2c\u4e09\u65b9\u7684\u53cc\u4e30\u6536"},"options":{"sendno":1528933659,"time_to_live":6000,"apns_production":true}}, times:1
Send POST https://api.jpush.cn/v3/push, body:{"platform":"all","audience":{"tag":["AvgGv"]},"notification":{"alert":"\u7b2c\u4e09\u65b9\u7684\u53cc\u4e30\u6536"},"options":{"sendno":398281245,"time_to_live":6000,"apns_production":true}}, times:1
Send POST https://api.jpush.cn/v3/push, body:{"platform":"all","audience":{"tag":["AvgGv"]},"notification":{"alert":"\u7b2c\u4e09\u65b9\u7684\u53cc\u4e30\u6536"},"options":{"sendno":1195713532,"time_to_live":6000,"apns_production":true}}, times:1
Send POST https://api.jpush.cn/v3/push, body:{"platform":"all","audience":{"tag":["AvgGv"]},"notification":{"alert":"\u7b2c\u4e09\u65b9\u7684\u53cc\u4e30\u6536"},"options":{"sendno":338648447,"time_to_live":6000,"apns_production":true}}, times:1
Send POST https://api.jpush.cn/v3/push, body:{"platform":"all","audience":{"tag":["rbkwb"]},"notification":{"alert":"\u7b2c\u4e09\u65b9\u7684\u53cc\u4e30\u6536"},"options":{"sendno":981592407,"time_to_live":6000,"apns_production":true}}, times:1
Send POST https://api.jpush.cn/v3/push, body:{"platform":"all","audience":{"tag":["rbkwb"]},"notification":{"alert":"\u7b2c\u4e09\u65b9\u7684\u53cc\u4e30\u6536"},"options":{"sendno":1771581064,"time_to_live":6000,"apns_production":true}}, times:1
Send POST https://api.jpush.cn/v3/push, body:{"platform":"all","audience":{"tag":["5dGDEe4W3pZ"]},"notification":{"alert":"\u7b2c\u4e09\u65b9\u7684\u53cc\u4e30\u6536"},"options":{"sendno":26713779,"time_to_live":6000,"apns_production":true}}, times:1
Send POST https://api.jpush.cn/v3/push, body:{"platform":"all","audience":{"tag":["rbkwb"]},"notification":{"alert":"\u7b2c\u4e09\u65b9\u7684\u53cc\u4e30\u6536"},"options":{"sendno":2027440010,"time_to_live":6000,"apns_production":true}}, times:1
Send POST https://api.jpush.cn/v3/push, body:{"platform":"all","audience":{"tag":["rbkwb"]},"notification":{"alert":"aaaa"},"options":{"sendno":1166515760,"time_to_live":6000,"apns_production":false}}, times:1
Send POST https://api.jpush.cn/v3/push, body:{"platform":"all","audience":{"tag":["rbkwb"]},"notification":{"alert":"aaaa"},"options":{"sendno":85767044,"time_to_live":6000,"apns_production":false}}, times:1
Send POST https://api.jpush.cn/v3/push, body:{"platform":"all","audience":{"tag":["rbkwb"]},"notification":{"alert":"aaaa"},"options":{"sendno":510035463,"time_to_live":6000,"apns_production":false}}, times:1
Send POST https://api.jpush.cn/v3/push, body:{"platform":"all","audience":{"tag":["rbkwb"]},"notification":{"alert":"aaaa"},"options":{"sendno":1271968171,"time_to_live":6000,"apns_production":false}}, times:1
Send POST https://api.jpush.cn/v3/push, body:{"platform":"all","audience":"all","notification":{"alert":"aaaa"},"options":{"sendno":599741103,"time_to_live":6000,"apns_production":false}}, times:1
Send POST https://api.jpush.cn/v3/push, body:{"platform":"all","audience":"all","message":{"msg_content":"aaaa","title":"aaaa"},"options":{"sendno":1118775122,"time_to_live":6000,"apns_production":false}}, times:1
Send POST https://api.jpush.cn/v3/push, body:{"platform":"all","audience":"all","message":{"msg_content":"aaaa","title":"aaaa"},"options":{"sendno":1629712028,"time_to_live":6000,"apns_production":false}}, times:1
Send POST https://api.jpush.cn/v3/push, body:{"platform":"all","audience":{"tag":["r67x7v"]},"notification":{"alert":"\u8ba2\u5355\u4f59\u989d\u6536\u76ca\u589e\u52a041,\u8ba2\u5355\u79ef\u5206\u589e\u52a020,\u8ba2\u5355\u6210\u957f\u503c\u589e\u52a020"},"options":{"sendno":1428914644,"time_to_live":6000,"apns_production":false}}, times:1
Send POST https://api.jpush.cn/v3/push, body:{"platform":"all","audience":{"tag":["r67x7v"]},"notification":{"alert":"\u8ba2\u5355\u4f59\u989d\u6536\u76ca\u589e\u52a041,\u8ba2\u5355\u79ef\u5206\u589e\u52a020,\u8ba2\u5355\u6210\u957f\u503c\u589e\u52a020"},"options":{"sendno":343975044,"time_to_live":6000,"apns_production":false}}, times:1
Send POST https://api.jpush.cn/v3/push, body:{"platform":"all","audience":{"tag":["r67x7v"]},"notification":{"alert":"\u8ba2\u5355\u4f59\u989d\u6536\u76ca\u589e\u52a041,\u8ba2\u5355\u79ef\u5206\u589e\u52a020,\u8ba2\u5355\u6210\u957f\u503c\u589e\u52a020"},"options":{"sendno":106283314,"time_to_live":6000,"apns_production":false}}, times:1
Send POST https://api.jpush.cn/v3/push, body:{"platform":"all","audience":{"tag":["r67x7v"]},"notification":{"alert":"\u8ba2\u5355\u4f59\u989d\u6536\u76ca\u589e\u52a041,\u8ba2\u5355\u79ef\u5206\u589e\u52a020,\u8ba2\u5355\u6210\u957f\u503c\u589e\u52a020"},"options":{"sendno":1735622382,"time_to_live":6000,"apns_production":false}}, times:1
Send POST https://api.jpush.cn/v3/push, body:{"platform":"all","audience":{"tag":["r67x7v"]},"notification":{"alert":"\u8ba2\u5355\u4f59\u989d\u6536\u76ca\u589e\u52a041,\u8ba2\u5355\u79ef\u5206\u589e\u52a020,\u8ba2\u5355\u6210\u957f\u503c\u589e\u52a020"},"options":{"sendno":1147117146,"time_to_live":6000,"apns_production":false}}, times:1
Send POST https://api.jpush.cn/v3/push, body:{"platform":"all","audience":{"tag":["r67x7v"]},"notification":{"alert":"\u8ba2\u5355\u4f59\u989d\u6536\u76ca\u589e\u52a041,\u8ba2\u5355\u79ef\u5206\u589e\u52a020,\u8ba2\u5355\u6210\u957f\u503c\u589e\u52a020"},"options":{"sendno":124356372,"time_to_live":6000,"apns_production":false}}, times:1
Send POST https://api.jpush.cn/v3/push, body:{"platform":"all","audience":{"tag":["r67x7v"]},"notification":{"alert":"\u8ba2\u5355\u4f59\u989d\u6536\u76ca\u589e\u52a041,\u8ba2\u5355\u79ef\u5206\u589e\u52a020,\u8ba2\u5355\u6210\u957f\u503c\u589e\u52a020"},"options":{"sendno":1815305598,"time_to_live":6000,"apns_production":false}}, times:1
Send POST https://api.jpush.cn/v3/push, body:{"platform":"all","audience":{"tag":["r67x7v"]},"notification":{"alert":"\u8ba2\u5355\u4f59\u989d\u6536\u76ca\u589e\u52a041,\u8ba2\u5355\u79ef\u5206\u589e\u52a020,\u8ba2\u5355\u6210\u957f\u503c\u589e\u52a020"},"options":{"sendno":1838947661,"time_to_live":6000,"apns_production":false}}, times:1
Send POST https://api.jpush.cn/v3/push, body:{"platform":"all","audience":{"tag":["r67x7v"]},"notification":{"alert":"\u8ba2\u5355\u4f59\u989d\u6536\u76ca\u589e\u52a041,\u8ba2\u5355\u79ef\u5206\u589e\u52a020,\u8ba2\u5355\u6210\u957f\u503c\u589e\u52a020"},"options":{"sendno":1722866591,"time_to_live":6000,"apns_production":false}}, times:1
Send POST https://api.jpush.cn/v3/push, body:{"platform":"all","audience":{"tag":["r67x7v"]},"notification":{"alert":"\u8ba2\u5355\u4f59\u989d\u6536\u76ca\u589e\u52a041,\u8ba2\u5355\u79ef\u5206\u589e\u52a020,\u8ba2\u5355\u6210\u957f\u503c\u589e\u52a020"},"options":{"sendno":868287077,"time_to_live":6000,"apns_production":false}}, times:1
Send POST https://api.jpush.cn/v3/push, body:{"platform":"all","audience":{"tag":["r67x7v"]},"notification":{"alert":"\u8ba2\u5355\u4f59\u989d\u6536\u76ca\u589e\u52a041,\u8ba2\u5355\u79ef\u5206\u589e\u52a020,\u8ba2\u5355\u6210\u957f\u503c\u589e\u52a020"},"options":{"sendno":1820370303,"time_to_live":6000,"apns_production":false}}, times:1
Send POST https://api.jpush.cn/v3/push, body:{"platform":"all","audience":{"tag":["r67x7v"]},"notification":{"alert":"\u8ba2\u5355\u4f59\u989d\u6536\u76ca\u589e\u52a041,\u8ba2\u5355\u79ef\u5206\u589e\u52a020,\u8ba2\u5355\u6210\u957f\u503c\u589e\u52a020"},"options":{"sendno":985904471,"time_to_live":6000,"apns_production":false}}, times:1
Send POST https://api.jpush.cn/v3/push, body:{"platform":"all","audience":{"tag":["5vjmxv"]},"notification":{"alert":"\u8ba2\u5355\u4f59\u989d\u6536\u76ca\u589e\u52a041,\u8ba2\u5355\u79ef\u5206\u589e\u52a020,\u8ba2\u5355\u6210\u957f\u503c\u589e\u52a020"},"options":{"sendno":1769202354,"time_to_live":6000,"apns_production":false}}, times:1
Send POST https://api.jpush.cn/v3/push, body:{"platform":"all","audience":{"tag":["y2e03v"]},"notification":{"alert":"\u8ba2\u5355\u4f59\u989d\u6536\u76ca\u589e\u52a041,\u8ba2\u5355\u79ef\u5206\u589e\u52a020,\u8ba2\u5355\u6210\u957f\u503c\u589e\u52a020"},"options":{"sendno":947860941,"time_to_live":6000,"apns_production":false}}, times:1
Send POST https://api.jpush.cn/v3/push, body:{"platform":"all","audience":{"tag":["3vz102"]},"notification":{"alert":"\u8ba2\u5355\u4f59\u989d\u6536\u76ca\u589e\u52a041,\u8ba2\u5355\u79ef\u5206\u589e\u52a020,\u8ba2\u5355\u6210\u957f\u503c\u589e\u52a020"},"options":{"sendno":481519135,"time_to_live":6000,"apns_production":false}}, times:1
Send POST https://api.jpush.cn/v3/push, body:{"platform":"all","audience":{"tag":["r67x7v"]},"notification":{"alert":"\u589e\u52a0\u7c89\u4e1d\u4f59\u989d\u6536\u76ca\u589e\u52a041,\u589e\u52a0\u7c89\u4e1d\u79ef\u5206\u589e\u52a020,\u589e\u52a0\u7c89\u4e1d\u6210\u957f\u503c\u589e\u52a020"},"options":{"sendno":995071036,"time_to_live":6000,"apns_production":false}}, times:1
Send POST https://api.jpush.cn/v3/push, body:{"platform":"all","audience":{"tag":["r67x7v"]},"notification":{"alert":"\u589e\u52a0\u7c89\u4e1d\u4f59\u989d\u6536\u76ca\u589e\u52a041,\u589e\u52a0\u7c89\u4e1d\u79ef\u5206\u589e\u52a020,\u589e\u52a0\u7c89\u4e1d\u6210\u957f\u503c\u589e\u52a020"},"options":{"sendno":1639876717,"time_to_live":6000,"apns_production":false}}, times:1
Send POST https://api.jpush.cn/v3/push, body:{"platform":"all","audience":{"tag":["r67x7v"]},"notification":{"alert":"\u589e\u52a0\u7c89\u4e1d\u4f59\u989d\u6536\u76ca\u589e\u52a00,\u589e\u52a0\u7c89\u4e1d\u79ef\u5206\u589e\u52a020,\u589e\u52a0\u7c89\u4e1d\u6210\u957f\u503c\u589e\u52a020"},"options":{"sendno":1523595326,"time_to_live":6000,"apns_production":false}}, times:1
Send POST https://api.jpush.cn/v3/push, body:{"platform":"all","audience":{"tag":["5vjmxv"]},"notification":{"alert":"\u589e\u52a0\u7c89\u4e1d\u4f59\u989d\u6536\u76ca\u589e\u52a041,\u589e\u52a0\u7c89\u4e1d\u79ef\u5206\u589e\u52a020,\u589e\u52a0\u7c89\u4e1d\u6210\u957f\u503c\u589e\u52a020"},"options":{"sendno":1726214537,"time_to_live":6000,"apns_production":false}}, times:1
Send POST https://api.jpush.cn/v3/push, body:{"platform":"all","audience":{"tag":["y2e03v"]},"notification":{"alert":"\u589e\u52a0\u7c89\u4e1d\u4f59\u989d\u6536\u76ca\u589e\u52a041,\u589e\u52a0\u7c89\u4e1d\u79ef\u5206\u589e\u52a020,\u589e\u52a0\u7c89\u4e1d\u6210\u957f\u503c\u589e\u52a020"},"options":{"sendno":357309538,"time_to_live":6000,"apns_production":false}}, times:1
Send POST https://api.jpush.cn/v3/push, body:{"platform":"all","audience":{"tag":["3vz102"]},"notification":{"alert":"\u589e\u52a0\u7c89\u4e1d\u4f59\u989d\u6536\u76ca\u589e\u52a041,\u589e\u52a0\u7c89\u4e1d\u79ef\u5206\u589e\u52a020,\u589e\u52a0\u7c89\u4e1d\u6210\u957f\u503c\u589e\u52a020"},"options":{"sendno":1831680194,"time_to_live":6000,"apns_production":false}}, times:1
Send POST https://api.jpush.cn/v3/push, body:{"platform":"all","audience":{"tag":["r67x7v"]},"notification":{"alert":"\u589e\u52a0\u7c89\u4e1d\u4f59\u989d\u6536\u76ca\u589e\u52a00,\u589e\u52a0\u7c89\u4e1d\u79ef\u5206\u589e\u52a020,\u589e\u52a0\u7c89\u4e1d\u6210\u957f\u503c\u589e\u52a020"},"options":{"sendno":1174967337,"time_to_live":6000,"apns_production":false}}, times:1
Send POST https://api.jpush.cn/v3/push, body:{"platform":"all","audience":{"tag":["5vjmxv"]},"notification":{"alert":"\u4e0a\u7ea7\u589e\u52a0\u7c89\u4e1d\u4f59\u989d\u6536\u76ca\u589e\u52a041,\u4e0a\u7ea7\u589e\u52a0\u7c89\u4e1d\u79ef\u5206\u589e\u52a020,\u4e0a\u7ea7\u589e\u52a0\u7c89\u4e1d\u6210\u957f\u503c\u589e\u52a020"},"options":{"sendno":872564912,"time_to_live":6000,"apns_production":false}}, times:1
Send POST https://api.jpush.cn/v3/push, body:{"platform":"all","audience":{"tag":["y2e03v"]},"notification":{"alert":"\u7ec4\u957f\u589e\u52a0\u7c89\u4e1d\u4f59\u989d\u6536\u76ca\u589e\u52a041,\u7ec4\u957f\u589e\u52a0\u7c89\u4e1d\u79ef\u5206\u589e\u52a020,\u7ec4\u957f\u589e\u52a0\u7c89\u4e1d\u6210\u957f\u503c\u589e\u52a020"},"options":{"sendno":2477916,"time_to_live":6000,"apns_production":false}}, times:1
Send POST https://api.jpush.cn/v3/push, body:{"platform":"all","audience":{"tag":["3vz102"]},"notification":{"alert":"\u539f\u7ec4\u957f\u589e\u52a0\u7c89\u4e1d\u4f59\u989d\u6536\u76ca\u589e\u52a041,\u539f\u7ec4\u957f\u589e\u52a0\u7c89\u4e1d\u79ef\u5206\u589e\u52a020,\u539f\u7ec4\u957f\u589e\u52a0\u7c89\u4e1d\u6210\u957f\u503c\u589e\u52a020"},"options":{"sendno":992308488,"time_to_live":6000,"apns_production":false}}, times:1
